<?xml version="1.0" encoding="UTF-8"?>
<!-- Generated by org.testng.reporters.JUnitReportReporter -->
<testsuite hostname="NileshZ-LPT-291" name="com.qtpselenium.pom.flipkart.SideBarMenuTest" tests="1" failures="0" timestamp="16 Feb 2019 09:21:06 GMT" time="76.899" errors="1">
  <testcase name="sideBarMenuTest" time="76.899" classname="com.qtpselenium.pom.flipkart.SideBarMenuTest">
    <error type="org.openqa.selenium.NoSuchElementException" message="An element could not be located on the page using the given search parameters. (WARNING: The server did not provide any stacktrace information)
Command duration or timeout: 20.46 seconds
For documentation on this error, please visit: http://seleniumhq.org/exceptions/no_such_element.html
Build info: version: &#039;2.53.0&#039;, revision: &#039;35ae25b1534ae328c771e0856c93e187490ca824&#039;, time: &#039;2016-03-15 10:43:46&#039;
System info: host: &#039;NileshZ-LPT-291&#039;, ip: &#039;192.168.0.103&#039;, os.name: &#039;Windows 10&#039;, os.arch: &#039;amd64&#039;, os.version: &#039;10.0&#039;, java.version: &#039;1.8.0_201&#039;
Driver info: io.appium.java_client.android.AndroidDriver
Capabilities [{app=D:\software\Software_Appium_2.0\Software_Appium\POM_FlipKart\apk\Flipkart_6.11.apk, appPackage=com.flipkart.android, deviceScreenSize=1080x2160, networkConnectionEnabled=true, warnings={}, appWaitPackage=com.flipkart.android, appWaitActivity=com.flipkart.android.SplashActivity, databaseEnabled=false, version=, deviceName=9c56cbc, platform=ANDROID, deviceUDID=9c56cbc, appActivity=com.flipkart.android.SplashActivity, desired={app=D:\software\Software_Appium_2.0\Software_Appium\POM_FlipKart\apk\Flipkart_6.11.apk, platformVersion=8.1.0, browserName=android, platformName=Android, version=, deviceName=vivaan, platform=ANDROID}, platformVersion=8.1.0, webStorageEnabled=false, locationContextEnabled=false, takesScreenshot=true, browserName=android, javascriptEnabled=true, deviceModel=Redmi Note 5 Pro, platformName=Android, deviceManufacturer=Xiaomi}]
Session ID: 83d98436-5166-478e-8dd3-3215f39768f4
*** Element info: {Using=xpath, value=//android.widget.ImageButton[@content-desc=&#039;Open Drawer&#039;]}">
      <![CDATA[org.openqa.selenium.NoSuchElementException: An element could not be located on the page using the given search parameters. (WARNING: The server did not provide any stacktrace information)
Command duration or timeout: 20.46 seconds
For documentation on this error, please visit: http://seleniumhq.org/exceptions/no_such_element.html
Build info: version: '2.53.0', revision: '35ae25b1534ae328c771e0856c93e187490ca824', time: '2016-03-15 10:43:46'
System info: host: 'NileshZ-LPT-291', ip: '192.168.0.103', os.name: 'Windows 10', os.arch: 'amd64', os.version: '10.0', java.version: '1.8.0_201'
Driver info: io.appium.java_client.android.AndroidDriver
Capabilities [{app=D:\software\Software_Appium_2.0\Software_Appium\POM_FlipKart\apk\Flipkart_6.11.apk, appPackage=com.flipkart.android, deviceScreenSize=1080x2160, networkConnectionEnabled=true, warnings={}, appWaitPackage=com.flipkart.android, appWaitActivity=com.flipkart.android.SplashActivity, databaseEnabled=false, version=, deviceName=9c56cbc, platform=ANDROID, deviceUDID=9c56cbc, appActivity=com.flipkart.android.SplashActivity, desired={app=D:\software\Software_Appium_2.0\Software_Appium\POM_FlipKart\apk\Flipkart_6.11.apk, platformVersion=8.1.0, browserName=android, platformName=Android, version=, deviceName=vivaan, platform=ANDROID}, platformVersion=8.1.0, webStorageEnabled=false, locationContextEnabled=false, takesScreenshot=true, browserName=android, javascriptEnabled=true, deviceModel=Redmi Note 5 Pro, platformName=Android, deviceManufacturer=Xiaomi}]
Session ID: 83d98436-5166-478e-8dd3-3215f39768f4
*** Element info: {Using=xpath, value=//android.widget.ImageButton[@content-desc='Open Drawer']}
	at sun.reflect.NativeConstructorAccessorImpl.newInstance0(Native Method)
	at sun.reflect.NativeConstructorAccessorImpl.newInstance(Unknown Source)
	at sun.reflect.DelegatingConstructorAccessorImpl.newInstance(Unknown Source)
	at java.lang.reflect.Constructor.newInstance(Unknown Source)
	at org.openqa.selenium.remote.ErrorHandler.createThrowable(ErrorHandler.java:206)
	at org.openqa.selenium.remote.ErrorHandler.throwIfResponseFailed(ErrorHandler.java:158)
	at org.openqa.selenium.remote.RemoteWebDriver.execute(RemoteWebDriver.java:678)
	at io.appium.java_client.DefaultGenericMobileDriver.execute(DefaultGenericMobileDriver.java:42)
	at io.appium.java_client.AppiumDriver.execute(AppiumDriver.java:1)
	at io.appium.java_client.android.AndroidDriver.execute(AndroidDriver.java:1)
	at org.openqa.selenium.remote.RemoteWebDriver.findElement(RemoteWebDriver.java:363)
	at org.openqa.selenium.remote.RemoteWebDriver.findElementByXPath(RemoteWebDriver.java:500)
	at io.appium.java_client.DefaultGenericMobileDriver.findElementByXPath(DefaultGenericMobileDriver.java:132)
	at io.appium.java_client.AppiumDriver.findElementByXPath(AppiumDriver.java:1)
	at io.appium.java_client.android.AndroidDriver.findElementByXPath(AndroidDriver.java:1)
	at org.openqa.selenium.By$ByXPath.findElement(By.java:361)
	at org.openqa.selenium.remote.RemoteWebDriver.findElement(RemoteWebDriver.java:355)
	at io.appium.java_client.DefaultGenericMobileDriver.findElement(DefaultGenericMobileDriver.java:52)
	at io.appium.java_client.AppiumDriver.findElement(AppiumDriver.java:1)
	at io.appium.java_client.android.AndroidDriver.findElement(AndroidDriver.java:1)
	at com.qtpselenium.pom.flipkart.pages.base.BasePage.initXML(BasePage.java:98)
	at com.qtpselenium.pom.flipkart.SideBarMenuTest.sideBarMenuTest(SideBarMenuTest.java:38)
	at sun.reflect.NativeMethodAccessorImpl.invoke0(Native Method)
	at sun.reflect.NativeMethodAccessorImpl.invoke(Unknown Source)
	at sun.reflect.DelegatingMethodAccessorImpl.invoke(Unknown Source)
	at java.lang.reflect.Method.invoke(Unknown Source)
	at org.testng.internal.MethodInvocationHelper.invokeMethod(MethodInvocationHelper.java:85)
	at org.testng.internal.Invoker.invokeMethod(Invoker.java:639)
	at org.testng.internal.Invoker.invokeTestMethod(Invoker.java:821)
	at org.testng.internal.Invoker.invokeTestMethods(Invoker.java:1131)
	at org.testng.internal.TestMethodWorker.invokeTestMethods(TestMethodWorker.java:124)
	at org.testng.internal.TestMethodWorker.run(TestMethodWorker.java:108)
	at org.testng.TestRunner.privateRun(TestRunner.java:773)
	at org.testng.TestRunner.run(TestRunner.java:623)
	at org.testng.SuiteRunner.runTest(SuiteRunner.java:357)
	at org.testng.SuiteRunner.runSequentially(SuiteRunner.java:352)
	at org.testng.SuiteRunner.privateRun(SuiteRunner.java:310)
	at org.testng.SuiteRunner.run(SuiteRunner.java:259)
	at org.testng.SuiteRunnerWorker.runSuite(SuiteRunnerWorker.java:52)
	at org.testng.SuiteRunnerWorker.run(SuiteRunnerWorker.java:86)
	at org.testng.TestNG.runSuitesSequentially(TestNG.java:1185)
	at org.testng.TestNG.runSuitesLocally(TestNG.java:1110)
	at org.testng.TestNG.run(TestNG.java:1018)
	at org.testng.remote.AbstractRemoteTestNG.run(AbstractRemoteTestNG.java:114)
	at org.testng.remote.RemoteTestNG.initAndRun(RemoteTestNG.java:251)
	at org.testng.remote.RemoteTestNG.main(RemoteTestNG.java:77)
]]>
    </error>
  </testcase> <!-- sideBarMenuTest -->
</testsuite> <!-- com.qtpselenium.pom.flipkart.SideBarMenuTest -->
