<?xml version="1.0" encoding="UTF-8"?>
<!-- Generated by org.testng.reporters.JUnitReportReporter -->
<testsuite hostname="NileshZ-LPT-291" name="com.qtpselenium.pom.flipkart.FindRightMobileTest" tests="2" failures="0" timestamp="26 Mar 2019 09:57:36 GMT" time="411.500" errors="2">
  <testcase name="findRightMobileTest" time="411.498" classname="com.qtpselenium.pom.flipkart.FindRightMobileTest">
    <error type="org.openqa.selenium.remote.SessionNotFoundException" message="A session is either terminated or not started (WARNING: The server did not provide any stacktrace information)
Command duration or timeout: 81 milliseconds
Build info: version: &#039;2.53.0&#039;, revision: &#039;35ae25b1534ae328c771e0856c93e187490ca824&#039;, time: &#039;2016-03-15 10:43:46&#039;
System info: host: &#039;NileshZ-LPT-291&#039;, ip: &#039;10.9.45.175&#039;, os.name: &#039;Windows 10&#039;, os.arch: &#039;amd64&#039;, os.version: &#039;10.0&#039;, java.version: &#039;1.8.0_201&#039;
Driver info: io.appium.java_client.android.AndroidDriver
Capabilities [{app=D:\software\Software_Appium_2.0\Software_Appium\POM_FlipKart\apk\Flipkart_6.11.apk, appPackage=com.flipkart.android, deviceScreenSize=1080x2160, networkConnectionEnabled=true, warnings={}, appWaitPackage=com.flipkart.android, appWaitActivity=com.flipkart.android.SplashActivity, databaseEnabled=false, version=, deviceName=9c56cbc, platform=ANDROID, deviceUDID=9c56cbc, appActivity=com.flipkart.android.SplashActivity, desired={app=D:\software\Software_Appium_2.0\Software_Appium\POM_FlipKart\apk\Flipkart_6.11.apk, platformVersion=8.1.0, browserName=android, platformName=Android, version=, deviceName=vivaan, platform=ANDROID}, platformVersion=8.1.0, webStorageEnabled=false, locationContextEnabled=false, takesScreenshot=true, browserName=android, javascriptEnabled=true, deviceModel=Redmi Note 5 Pro, platformName=Android, deviceManufacturer=Xiaomi}]
Session ID: fd50fc44-1e89-4bbb-9bca-328f05459bdf">
      <![CDATA[org.openqa.selenium.remote.SessionNotFoundException: A session is either terminated or not started (WARNING: The server did not provide any stacktrace information)
Command duration or timeout: 81 milliseconds
Build info: version: '2.53.0', revision: '35ae25b1534ae328c771e0856c93e187490ca824', time: '2016-03-15 10:43:46'
System info: host: 'NileshZ-LPT-291', ip: '10.9.45.175', os.name: 'Windows 10', os.arch: 'amd64', os.version: '10.0', java.version: '1.8.0_201'
Driver info: io.appium.java_client.android.AndroidDriver
Capabilities [{app=D:\software\Software_Appium_2.0\Software_Appium\POM_FlipKart\apk\Flipkart_6.11.apk, appPackage=com.flipkart.android, deviceScreenSize=1080x2160, networkConnectionEnabled=true, warnings={}, appWaitPackage=com.flipkart.android, appWaitActivity=com.flipkart.android.SplashActivity, databaseEnabled=false, version=, deviceName=9c56cbc, platform=ANDROID, deviceUDID=9c56cbc, appActivity=com.flipkart.android.SplashActivity, desired={app=D:\software\Software_Appium_2.0\Software_Appium\POM_FlipKart\apk\Flipkart_6.11.apk, platformVersion=8.1.0, browserName=android, platformName=Android, version=, deviceName=vivaan, platform=ANDROID}, platformVersion=8.1.0, webStorageEnabled=false, locationContextEnabled=false, takesScreenshot=true, browserName=android, javascriptEnabled=true, deviceModel=Redmi Note 5 Pro, platformName=Android, deviceManufacturer=Xiaomi}]
Session ID: fd50fc44-1e89-4bbb-9bca-328f05459bdf
	at sun.reflect.NativeConstructorAccessorImpl.newInstance0(Native Method)
	at sun.reflect.NativeConstructorAccessorImpl.newInstance(NativeConstructorAccessorImpl.java:62)
	at sun.reflect.DelegatingConstructorAccessorImpl.newInstance(DelegatingConstructorAccessorImpl.java:45)
	at java.lang.reflect.Constructor.newInstance(Constructor.java:423)
	at org.openqa.selenium.remote.ErrorHandler.createThrowable(ErrorHandler.java:206)
	at org.openqa.selenium.remote.ErrorHandler.throwIfResponseFailed(ErrorHandler.java:158)
	at org.openqa.selenium.remote.RemoteWebDriver.execute(RemoteWebDriver.java:678)
	at io.appium.java_client.DefaultGenericMobileDriver.execute(DefaultGenericMobileDriver.java:42)
	at io.appium.java_client.AppiumDriver.execute(AppiumDriver.java:1)
	at io.appium.java_client.android.AndroidDriver.execute(AndroidDriver.java:1)
	at org.openqa.selenium.remote.RemoteWebDriver$RemoteWebDriverOptions$RemoteTimeouts.implicitlyWait(RemoteWebDriver.java:865)
	at com.qtpselenium.pom.flipkart.base.BaseTest.launchApp(BaseTest.java:63)
	at com.qtpselenium.pom.flipkart.FindRightMobileTest.findRightMobileTest(FindRightMobileTest.java:48)
	at sun.reflect.NativeMethodAccessorImpl.invoke0(Native Method)
	at sun.reflect.NativeMethodAccessorImpl.invoke(NativeMethodAccessorImpl.java:62)
	at sun.reflect.DelegatingMethodAccessorImpl.invoke(DelegatingMethodAccessorImpl.java:43)
	at java.lang.reflect.Method.invoke(Method.java:498)
	at org.testng.internal.MethodInvocationHelper.invokeMethod(MethodInvocationHelper.java:85)
	at org.testng.internal.Invoker.invokeMethod(Invoker.java:639)
	at org.testng.internal.Invoker.invokeTestMethod(Invoker.java:821)
	at org.testng.internal.Invoker.invokeTestMethods(Invoker.java:1131)
	at org.testng.internal.TestMethodWorker.invokeTestMethods(TestMethodWorker.java:124)
	at org.testng.internal.TestMethodWorker.run(TestMethodWorker.java:108)
	at org.testng.TestRunner.privateRun(TestRunner.java:773)
	at org.testng.TestRunner.run(TestRunner.java:623)
	at org.testng.SuiteRunner.runTest(SuiteRunner.java:357)
	at org.testng.SuiteRunner.runSequentially(SuiteRunner.java:352)
	at org.testng.SuiteRunner.privateRun(SuiteRunner.java:310)
	at org.testng.SuiteRunner.run(SuiteRunner.java:259)
	at org.testng.SuiteRunnerWorker.runSuite(SuiteRunnerWorker.java:52)
	at org.testng.SuiteRunnerWorker.run(SuiteRunnerWorker.java:86)
	at org.testng.TestNG.runSuitesSequentially(TestNG.java:1185)
	at org.testng.TestNG.runSuitesLocally(TestNG.java:1110)
	at org.testng.TestNG.run(TestNG.java:1018)
	at org.testng.remote.AbstractRemoteTestNG.run(AbstractRemoteTestNG.java:114)
	at org.testng.remote.RemoteTestNG.initAndRun(RemoteTestNG.java:251)
	at org.testng.remote.RemoteTestNG.main(RemoteTestNG.java:77)
]]>
    </error>
  </testcase> <!-- findRightMobileTest -->
  <testcase name="findRightMobileTest" time="0.002" classname="com.qtpselenium.pom.flipkart.FindRightMobileTest">
    <error type="org.openqa.selenium.remote.SessionNotFoundException" message="A session is either terminated or not started (WARNING: The server did not provide any stacktrace information)
Command duration or timeout: 10 milliseconds
Build info: version: &#039;2.53.0&#039;, revision: &#039;35ae25b1534ae328c771e0856c93e187490ca824&#039;, time: &#039;2016-03-15 10:43:46&#039;
System info: host: &#039;NileshZ-LPT-291&#039;, ip: &#039;10.9.45.175&#039;, os.name: &#039;Windows 10&#039;, os.arch: &#039;amd64&#039;, os.version: &#039;10.0&#039;, java.version: &#039;1.8.0_201&#039;
Driver info: io.appium.java_client.android.AndroidDriver
Capabilities [{app=D:\software\Software_Appium_2.0\Software_Appium\POM_FlipKart\apk\Flipkart_6.11.apk, appPackage=com.flipkart.android, deviceScreenSize=1080x2160, networkConnectionEnabled=true, warnings={}, appWaitPackage=com.flipkart.android, appWaitActivity=com.flipkart.android.SplashActivity, databaseEnabled=false, version=, deviceName=9c56cbc, platform=ANDROID, deviceUDID=9c56cbc, appActivity=com.flipkart.android.SplashActivity, desired={app=D:\software\Software_Appium_2.0\Software_Appium\POM_FlipKart\apk\Flipkart_6.11.apk, platformVersion=8.1.0, browserName=android, platformName=Android, version=, deviceName=vivaan, platform=ANDROID}, platformVersion=8.1.0, webStorageEnabled=false, locationContextEnabled=false, takesScreenshot=true, browserName=android, javascriptEnabled=true, deviceModel=Redmi Note 5 Pro, platformName=Android, deviceManufacturer=Xiaomi}]
Session ID: fd50fc44-1e89-4bbb-9bca-328f05459bdf">
      <![CDATA[org.openqa.selenium.remote.SessionNotFoundException: A session is either terminated or not started (WARNING: The server did not provide any stacktrace information)
Command duration or timeout: 10 milliseconds
Build info: version: '2.53.0', revision: '35ae25b1534ae328c771e0856c93e187490ca824', time: '2016-03-15 10:43:46'
System info: host: 'NileshZ-LPT-291', ip: '10.9.45.175', os.name: 'Windows 10', os.arch: 'amd64', os.version: '10.0', java.version: '1.8.0_201'
Driver info: io.appium.java_client.android.AndroidDriver
Capabilities [{app=D:\software\Software_Appium_2.0\Software_Appium\POM_FlipKart\apk\Flipkart_6.11.apk, appPackage=com.flipkart.android, deviceScreenSize=1080x2160, networkConnectionEnabled=true, warnings={}, appWaitPackage=com.flipkart.android, appWaitActivity=com.flipkart.android.SplashActivity, databaseEnabled=false, version=, deviceName=9c56cbc, platform=ANDROID, deviceUDID=9c56cbc, appActivity=com.flipkart.android.SplashActivity, desired={app=D:\software\Software_Appium_2.0\Software_Appium\POM_FlipKart\apk\Flipkart_6.11.apk, platformVersion=8.1.0, browserName=android, platformName=Android, version=, deviceName=vivaan, platform=ANDROID}, platformVersion=8.1.0, webStorageEnabled=false, locationContextEnabled=false, takesScreenshot=true, browserName=android, javascriptEnabled=true, deviceModel=Redmi Note 5 Pro, platformName=Android, deviceManufacturer=Xiaomi}]
Session ID: fd50fc44-1e89-4bbb-9bca-328f05459bdf
	at sun.reflect.NativeConstructorAccessorImpl.newInstance0(Native Method)
	at sun.reflect.NativeConstructorAccessorImpl.newInstance(NativeConstructorAccessorImpl.java:62)
	at sun.reflect.DelegatingConstructorAccessorImpl.newInstance(DelegatingConstructorAccessorImpl.java:45)
	at java.lang.reflect.Constructor.newInstance(Constructor.java:423)
	at org.openqa.selenium.remote.ErrorHandler.createThrowable(ErrorHandler.java:206)
	at org.openqa.selenium.remote.ErrorHandler.throwIfResponseFailed(ErrorHandler.java:158)
	at org.openqa.selenium.remote.RemoteWebDriver.execute(RemoteWebDriver.java:678)
	at io.appium.java_client.DefaultGenericMobileDriver.execute(DefaultGenericMobileDriver.java:42)
	at io.appium.java_client.AppiumDriver.execute(AppiumDriver.java:206)
	at org.openqa.selenium.remote.RemoteWebDriver.quit(RemoteWebDriver.java:526)
	at com.qtpselenium.pom.flipkart.base.BaseTest.quit(BaseTest.java:75)
	at sun.reflect.NativeMethodAccessorImpl.invoke0(Native Method)
	at sun.reflect.NativeMethodAccessorImpl.invoke(NativeMethodAccessorImpl.java:62)
	at sun.reflect.DelegatingMethodAccessorImpl.invoke(DelegatingMethodAccessorImpl.java:43)
	at java.lang.reflect.Method.invoke(Method.java:498)
	at org.testng.internal.MethodInvocationHelper.invokeMethod(MethodInvocationHelper.java:85)
	at org.testng.internal.Invoker.invokeConfigurationMethod(Invoker.java:510)
	at org.testng.internal.Invoker.invokeConfigurations(Invoker.java:211)
	at org.testng.internal.Invoker.invokeMethod(Invoker.java:708)
	at org.testng.internal.Invoker.invokeTestMethod(Invoker.java:821)
	at org.testng.internal.Invoker.invokeTestMethods(Invoker.java:1131)
	at org.testng.internal.TestMethodWorker.invokeTestMethods(TestMethodWorker.java:124)
	at org.testng.internal.TestMethodWorker.run(TestMethodWorker.java:108)
	at org.testng.TestRunner.privateRun(TestRunner.java:773)
	at org.testng.TestRunner.run(TestRunner.java:623)
	at org.testng.SuiteRunner.runTest(SuiteRunner.java:357)
	at org.testng.SuiteRunner.runSequentially(SuiteRunner.java:352)
	at org.testng.SuiteRunner.privateRun(SuiteRunner.java:310)
	at org.testng.SuiteRunner.run(SuiteRunner.java:259)
	at org.testng.SuiteRunnerWorker.runSuite(SuiteRunnerWorker.java:52)
	at org.testng.SuiteRunnerWorker.run(SuiteRunnerWorker.java:86)
	at org.testng.TestNG.runSuitesSequentially(TestNG.java:1185)
	at org.testng.TestNG.runSuitesLocally(TestNG.java:1110)
	at org.testng.TestNG.run(TestNG.java:1018)
	at org.testng.remote.AbstractRemoteTestNG.run(AbstractRemoteTestNG.java:114)
	at org.testng.remote.RemoteTestNG.initAndRun(RemoteTestNG.java:251)
	at org.testng.remote.RemoteTestNG.main(RemoteTestNG.java:77)
]]>
    </error>
  </testcase> <!-- findRightMobileTest -->
</testsuite> <!-- com.qtpselenium.pom.flipkart.FindRightMobileTest -->
