<?xml version="1.0" encoding="UTF-8"?>
<!-- Generated by org.testng.reporters.JUnitReportReporter -->
<testsuite hostname="NileshZ-LPT-291" name="com.cucumber.framework.runner.SignUpRunner" tests="1" failures="0" timestamp="29 Mar 2019 10:35:26 GMT" time="94.961" errors="0">
  <testcase name="feature" time="94.961" classname="com.cucumber.framework.runner.SignUpRunner"/>
</testsuite> <!-- com.cucumber.framework.runner.SignUpRunner -->
