<?xml version="1.0" encoding="UTF-8"?>
<!-- Generated by org.testng.reporters.JUnitReportReporter -->
<testsuite hostname="NileshZ-LPT-291" name="com.qtpselenium.pom.flipkart.ApplyFilterTest" tests="1" failures="0" timestamp="16 Feb 2019 09:21:06 GMT" time="0.060" errors="0">
  <testcase name="applyFilterTest" time="0.060" classname="com.qtpselenium.pom.flipkart.ApplyFilterTest"/>
</testsuite> <!-- com.qtpselenium.pom.flipkart.ApplyFilterTest -->
